<?xml version="1.0" encoding="UTF-8"?>
<!-- Generated by org.testng.reporters.JUnitXMLReporter -->
<testsuite hostname="LAPTOP-AIEBTFTE" ignored="0" name="ArticlesSmokeTest" tests="5" failures="0" timestamp="04 Jul 2021 20:41:12 GMT" time="15.193" errors="0">
  <testcase name="test001_login" time="6.64" classname="com.backbase.ui.tests.ArticlesSmokeTest"/>
  <testcase name="test002_articleCreationAndVerification" time="2.212" classname="com.backbase.ui.tests.ArticlesSmokeTest"/>
  <testcase name="test003_updateNewleyCreatedArticle" time="2.442" classname="com.backbase.ui.tests.ArticlesSmokeTest"/>
  <testcase name="test004_deleteNewleyCreatedArticle" time="0.58" classname="com.backbase.ui.tests.ArticlesSmokeTest"/>
  <testcase name="test005_logout" time="0.483" classname="com.backbase.ui.tests.ArticlesSmokeTest"/>
</testsuite> <!-- ArticlesSmokeTest -->
