<?xml version="1.0" encoding="UTF-8"?>
<!-- Generated by org.testng.reporters.JUnitXMLReporter -->
<testsuite hostname="LAPTOP-AIEBTFTE" ignored="0" name="CommentsSmokeTest" tests="6" failures="2" timestamp="04 Jul 2021 20:41:28 GMT" time="30.904" errors="0">
  <testcase name="test001_login" time="7.297" classname="com.backbase.ui.tests.CommentsSmokeTest"/>
  <testcase name="test002_articleCreationAndVerification" time="1.987" classname="com.backbase.ui.tests.CommentsSmokeTest"/>
  <testcase name="test003_AddNewComment" time="5.48" classname="com.backbase.ui.tests.CommentsSmokeTest"/>
  <testcase name="test004_verifyNewleyAddedComment" time="6.318" classname="com.backbase.ui.tests.CommentsSmokeTest">
    <failure type="java.lang.AssertionError" message="Comments count doesn&amp;apos;t match :  expected [1] but found [0]">
      <![CDATA[java.lang.AssertionError: Comments count doesn't match :  expected [1] but found [0]
at com.backbase.ui.tests.CommentsSmokeTest.test004_verifyNewleyAddedComment(CommentsSmokeTest.java:51)
at java.util.concurrent.FutureTask.run(FutureTask.java:266)
at java.util.concurrent.ThreadPoolExecutor.runWorker(ThreadPoolExecutor.java:1149)
at java.util.concurrent.ThreadPoolExecutor$Worker.run(ThreadPoolExecutor.java:624)
at java.lang.Thread.run(Thread.java:748)
... Removed 21 stack frames]]>
    </failure>
  </testcase> <!-- test004_verifyNewleyAddedComment -->
  <testcase name="test005_verifyDeleteComment" time="6.029" classname="com.backbase.ui.tests.CommentsSmokeTest">
    <failure type="java.lang.AssertionError" message="expected [0] but found [1]">
      <![CDATA[java.lang.AssertionError: expected [0] but found [1]
at com.backbase.ui.tests.CommentsSmokeTest.test005_verifyDeleteComment(CommentsSmokeTest.java:61)
at java.util.concurrent.FutureTask.run(FutureTask.java:266)
at java.util.concurrent.ThreadPoolExecutor.runWorker(ThreadPoolExecutor.java:1149)
at java.util.concurrent.ThreadPoolExecutor$Worker.run(ThreadPoolExecutor.java:624)
at java.lang.Thread.run(Thread.java:748)
... Removed 22 stack frames]]>
    </failure>
  </testcase> <!-- test005_verifyDeleteComment -->
  <testcase name="test006_logout" time="0.602" classname="com.backbase.ui.tests.CommentsSmokeTest"/>
</testsuite> <!-- CommentsSmokeTest -->
