<?xml version="1.0" encoding="UTF-8"?>
<!-- Generated by org.testng.reporters.JUnitXMLReporter -->
<testsuite hostname="LAPTOP-AIEBTFTE" ignored="0" name="ArticlesSmokeTest" tests="5" failures="0" timestamp="04 Jul 2021 16:58:36 GMT" time="12.21" errors="0">
  <testcase name="test001_login" time="1.497" classname="com.backbase.ui.tests.ArticlesSmokeTest"/>
  <testcase name="test002_articleCreationAndVerification" time="2.219" classname="com.backbase.ui.tests.ArticlesSmokeTest"/>
  <testcase name="test003_updateNewleyCreatedArticle" time="1.77" classname="com.backbase.ui.tests.ArticlesSmokeTest"/>
  <testcase name="test004_deleteNewleyCreatedArticle" time="0.493" classname="com.backbase.ui.tests.ArticlesSmokeTest"/>
  <testcase name="test005_logout" time="0.509" classname="com.backbase.ui.tests.ArticlesSmokeTest"/>
</testsuite> <!-- ArticlesSmokeTest -->
