<?xml version="1.0" encoding="UTF-8"?>
<!-- Generated by org.testng.reporters.JUnitXMLReporter -->
<testsuite hostname="LAPTOP-AIEBTFTE" ignored="0" name="CommentsSmokeTest" tests="5" failures="1" timestamp="04 Jul 2021 16:58:56 GMT" time="31.924" errors="0">
  <testcase name="test001_login" time="1.549" classname="com.backbase.ui.tests.CommentsSmokeTest"/>
  <testcase name="test002_articleCreationAndVerification" time="2.264" classname="com.backbase.ui.tests.CommentsSmokeTest"/>
  <testcase name="test003_AddNewComment" time="5.432" classname="com.backbase.ui.tests.CommentsSmokeTest"/>
  <testcase name="test004_verifyNewleyAddedComment" time="5.995" classname="com.backbase.ui.tests.CommentsSmokeTest">
    <failure type="java.lang.AssertionError" message="Comments count doesn&amp;apos;t match :  expected [1] but found [0]">
      <![CDATA[java.lang.AssertionError: Comments count doesn't match :  expected [1] but found [0]
at com.backbase.ui.tests.CommentsSmokeTest.test004_verifyNewleyAddedComment(CommentsSmokeTest.java:53)
at java.util.concurrent.FutureTask.run(FutureTask.java:266)
at java.util.concurrent.ThreadPoolExecutor.runWorker(ThreadPoolExecutor.java:1149)
at java.util.concurrent.ThreadPoolExecutor$Worker.run(ThreadPoolExecutor.java:624)
at java.lang.Thread.run(Thread.java:748)
... Removed 21 stack frames]]>
    </failure>
  </testcase> <!-- test004_verifyNewleyAddedComment -->
  <testcase name="test005_verifyDeleteComment" time="10.895" classname="com.backbase.ui.tests.CommentsSmokeTest"/>
</testsuite> <!-- CommentsSmokeTest -->
