<?xml version="1.0" encoding="UTF-8"?>
<!-- Generated by org.testng.reporters.JUnitXMLReporter -->
<testsuite hostname="LAPTOP-AIEBTFTE" ignored="0" name="Smoke Tests" tests="4" failures="0" timestamp="03 Jul 2021 16:01:56 GMT" time="11.33" errors="0">
  <testcase name="test001_login" time="1.364" classname="com.backbase.ui.tests.ArticlesSmokeTest"/>
  <testcase name="test002_articleCreationAndVerification" time="2.108" classname="com.backbase.ui.tests.ArticlesSmokeTest"/>
  <testcase name="test003_updateNewleyCreatedArticle" time="2.01" classname="com.backbase.ui.tests.ArticlesSmokeTest"/>
  <testcase name="test004_deleteNewleyCreatedArticle" time="0.47" classname="com.backbase.ui.tests.ArticlesSmokeTest"/>
</testsuite> <!-- Smoke Tests -->
